Build started 11/12/2015 12:22:57 PM.
     1>Project "C:\Hg\Schooled\Schooled\Schooled\Schooled.vcxproj" on node 2 (Build target(s)).
     1>ClCompile:
         C:\Program Files (x86)\Microsoft Visual Studio 12.0\VC\bin\CL.exe /c /ZI /nologo /W3 /WX- /Od /Oy- /D WIN32 /D _DEBUG /D _CONSOLE /D _LIB /D _UNICODE /D UNICODE /Gm /EHsc /RTC1 /MDd /GS /fp:precise /Zc:wchar_t /Zc:forScope /Fo"Debug\\" /Fd"Debug\vc120.pdb" /Gd /TP /analyze- /errorReport:prompt "Resource Files\MenuState.cpp"
         MenuState.cpp
     1>c:\hg\schooled\schooled\schooled\resource files\menustate.cpp(81): warning C4018: '<' : signed/unsigned mismatch
     1>c:\hg\schooled\schooled\schooled\resource files\menustate.cpp(124): warning C4018: '<' : signed/unsigned mismatch
       Link:
         C:\Program Files (x86)\Microsoft Visual Studio 12.0\VC\bin\link.exe /ERRORREPORT:PROMPT /OUT:"C:\Hg\Schooled\Schooled\Debug\Schooled.exe" /INCREMENTAL /NOLOGO console.lib winmm.lib kernel32.lib user32.lib gdi32.lib winspool.lib comdlg32.lib advapi32.lib shell32.lib ole32.lib oleaut32.lib uuid.lib odbc32.lib odbccp32.lib /NODEFAULTLIB:libcd.lib /MANIFEST /MANIFESTUAC:"level='asInvoker' uiAccess='false'" /manifest:embed /DEBUG /PDB:"C:\Hg\Schooled\Schooled\Debug\Schooled.pdb" /SUBSYSTEM:CONSOLE /TLBID:1 /DYNAMICBASE /NXCOMPAT /IMPLIB:"C:\Hg\Schooled\Schooled\Debug\Schooled.lib" /MACHINE:X86 Debug\Actor.obj
         Debug\Buffer.obj
         Debug\GameEngine.obj
         Debug\Item.obj
         Debug\Log.obj
         Debug\MenuState.obj
         Debug\PlayingState.obj
         Debug\Room.obj
         Debug\Schooled.obj
         Debug\sound_effects.obj
         Debug\Source.obj
         Schooled.vcxproj -> C:\Hg\Schooled\Schooled\Debug\Schooled.exe
     1>Done Building Project "C:\Hg\Schooled\Schooled\Schooled\Schooled.vcxproj" (Build target(s)).

Build succeeded.

Time Elapsed 00:00:04.63
