c:\hg\schooled\schooled\schooled\debug\vc120.pdb
c:\hg\schooled\schooled\schooled\debug\vc120.idb
c:\hg\schooled\schooled\schooled\debug\actor.obj
c:\hg\schooled\schooled\schooled\debug\buffer.obj
c:\hg\schooled\schooled\schooled\debug\gameengine.obj
c:\hg\schooled\schooled\schooled\debug\item.obj
c:\hg\schooled\schooled\schooled\debug\log.obj
c:\hg\schooled\schooled\schooled\debug\room.obj
c:\hg\schooled\schooled\schooled\debug\schooled.obj
c:\hg\schooled\schooled\schooled\debug\source.obj
c:\hg\schooled\schooled\schooled\debug\menustate.obj
c:\hg\schooled\schooled\schooled\debug\playingstate.obj
c:\hg\schooled\schooled\debug\schooled.ilk
c:\hg\schooled\schooled\debug\schooled.exe
c:\hg\schooled\schooled\debug\schooled.pdb
c:\hg\schooled\schooled\schooled\debug\schooled.tlog\cl.command.1.tlog
c:\hg\schooled\schooled\schooled\debug\schooled.tlog\cl.read.1.tlog
c:\hg\schooled\schooled\schooled\debug\schooled.tlog\cl.write.1.tlog
c:\hg\schooled\schooled\schooled\debug\schooled.tlog\link.command.1.tlog
c:\hg\schooled\schooled\schooled\debug\schooled.tlog\link.read.1.tlog
c:\hg\schooled\schooled\schooled\debug\schooled.tlog\link.write.1.tlog
